android/app/build/intermediates/manifest_merge_blame_file/debug/manifest-merger-blame-debug-report.txt
1<?xml version="1.0" encoding="utf-8"?>
2<manifest xmlns:android="http://schemas.android.com/apk/res/android"
3    package="com.fitnessapp"
4    android:versionCode="1"
5    android:versionName="1.0" >
6
7    <uses-sdk
8        android:minSdkVersion="16"
9        android:targetSdkVersion="29" />
10
11    <uses-permission android:name="android.permission.SYSTEM_ALERT_WINDOW" />
11-->src\debug\AndroidManifest.xml:5:5-77
11-->src\debug\AndroidManifest.xml:5:22-75
12    <uses-permission android:name="android.permission.INTERNET" />
12-->src\main\AndroidManifest.xml:4:5-67
12-->src\main\AndroidManifest.xml:4:22-64
13    <uses-permission android:name="android.permission.ACCESS_COARSE_LOCATION" />
13-->src\main\AndroidManifest.xml:5:5-81
13-->src\main\AndroidManifest.xml:5:22-78
14    <uses-permission android:name="android.permission.FOREGROUND_SERVICE" />
14-->src\main\AndroidManifest.xml:6:5-76
14-->src\main\AndroidManifest.xml:6:22-74
15    <uses-permission android:name="android.permission.ACCESS_FINE_LOCATION" />
15-->src\main\AndroidManifest.xml:7:5-79
15-->src\main\AndroidManifest.xml:7:22-76
16    <uses-permission android:name="android.permission.ACCESS_WIFI_STATE" />
16-->[com.facebook.flipper:flipper:0.37.0] AndroidManifest.xml:16:5-76
16-->[com.facebook.flipper:flipper:0.37.0] AndroidManifest.xml:16:22-73
17    <uses-permission android:name="android.permission.ACCESS_BACKGROUND_LOCATION" />
17-->[io.radar:sdk:3.0.5] AndroidManifest.xml:12:5-85
17-->[io.radar:sdk:3.0.5] AndroidManifest.xml:12:22-82
18    <uses-permission android:name="android.permission.ACCESS_NETWORK_STATE" />
18-->[io.radar:sdk:3.0.5] AndroidManifest.xml:13:5-79
18-->[io.radar:sdk:3.0.5] AndroidManifest.xml:13:22-76
19    <uses-permission android:name="android.permission.RECEIVE_BOOT_COMPLETED" />
19-->[io.radar:sdk:3.0.5] AndroidManifest.xml:15:5-81
19-->[io.radar:sdk:3.0.5] AndroidManifest.xml:15:22-78
20
21    <application
21-->src\main\AndroidManifest.xml:8:5-27:19
22        android:name="com.fitnessapp.MainApplication"
22-->src\main\AndroidManifest.xml:9:7-38
23        android:allowBackup="false"
23-->src\main\AndroidManifest.xml:13:7-34
24        android:appComponentFactory="androidx.core.app.CoreComponentFactory"
24-->[androidx.core:core:1.2.0] AndroidManifest.xml:24:18-86
25        android:debuggable="true"
26        android:icon="@mipmap/ic_launcher"
26-->src\main\AndroidManifest.xml:11:7-41
27        android:label="@string/app_name"
27-->src\main\AndroidManifest.xml:10:7-39
28        android:roundIcon="@mipmap/ic_launcher_round"
28-->src\main\AndroidManifest.xml:12:7-52
29        android:testOnly="true"
30        android:theme="@style/AppTheme"
30-->src\main\AndroidManifest.xml:14:7-38
31        android:usesCleartextTraffic="true" >
31-->src\debug\AndroidManifest.xml:7:18-53
32        <activity
32-->src\main\AndroidManifest.xml:15:7-25:18
33            android:name="com.fitnessapp.MainActivity"
33-->src\main\AndroidManifest.xml:16:9-37
34            android:configChanges="keyboard|keyboardHidden|orientation|screenSize|uiMode"
34-->src\main\AndroidManifest.xml:18:9-86
35            android:label="@string/app_name"
35-->src\main\AndroidManifest.xml:17:9-41
36            android:launchMode="singleTask"
36-->src\main\AndroidManifest.xml:19:9-40
37            android:windowSoftInputMode="adjustResize" >
37-->src\main\AndroidManifest.xml:20:9-51
38            <intent-filter>
38-->src\main\AndroidManifest.xml:21:9-24:25
39                <action android:name="android.intent.action.MAIN" />
39-->src\main\AndroidManifest.xml:22:13-65
39-->src\main\AndroidManifest.xml:22:21-62
40
41                <category android:name="android.intent.category.LAUNCHER" />
41-->src\main\AndroidManifest.xml:23:13-73
41-->src\main\AndroidManifest.xml:23:23-70
42            </intent-filter>
43        </activity>
44        <activity android:name="com.facebook.react.devsupport.DevSettingsActivity" />
44-->src\main\AndroidManifest.xml:26:7-84
44-->src\main\AndroidManifest.xml:26:17-81
45
46        <receiver
46-->[:react-native-radar] AndroidManifest.xml:12:9-19:20
47            android:name="io.radar.react.RNRadarReceiver"
47-->[:react-native-radar] AndroidManifest.xml:13:13-58
48            android:enabled="true"
48-->[:react-native-radar] AndroidManifest.xml:14:13-35
49            android:exported="false" >
49-->[:react-native-radar] AndroidManifest.xml:15:13-37
50            <intent-filter>
50-->[:react-native-radar] AndroidManifest.xml:16:13-18:29
51                <action android:name="io.radar.sdk.RECEIVED" />
51-->[:react-native-radar] AndroidManifest.xml:17:17-64
51-->[:react-native-radar] AndroidManifest.xml:17:25-61
52            </intent-filter>
53        </receiver>
54        <receiver
54-->[io.radar:sdk:3.0.5] AndroidManifest.xml:18:9-27:20
55            android:name="io.radar.sdk.RadarLocationReceiver"
55-->[io.radar:sdk:3.0.5] AndroidManifest.xml:19:13-62
56            android:enabled="true"
56-->[io.radar:sdk:3.0.5] AndroidManifest.xml:20:13-35
57            android:exported="false" >
57-->[io.radar:sdk:3.0.5] AndroidManifest.xml:21:13-37
58            <intent-filter android:priority="999" >
58-->[io.radar:sdk:3.0.5] AndroidManifest.xml:22:13-26:29
58-->[io.radar:sdk:3.0.5] AndroidManifest.xml:22:28-50
59                <action android:name="io.radar.sdk.LocationReceiver.GEOFENCE_TRANSITIONED" />
59-->[io.radar:sdk:3.0.5] AndroidManifest.xml:23:17-94
59-->[io.radar:sdk:3.0.5] AndroidManifest.xml:23:25-91
60                <action android:name="io.radar.sdk.LocationReceiver.LOCATIONS_RECEIVED" />
60-->[io.radar:sdk:3.0.5] AndroidManifest.xml:24:17-91
60-->[io.radar:sdk:3.0.5] AndroidManifest.xml:24:25-88
61                <action android:name="android.intent.action.BOOT_COMPLETED" />
61-->[io.radar:sdk:3.0.5] AndroidManifest.xml:25:17-79
61-->[io.radar:sdk:3.0.5] AndroidManifest.xml:25:25-76
62            </intent-filter>
63        </receiver>
64
65        <service
65-->[io.radar:sdk:3.0.5] AndroidManifest.xml:29:9-32:72
66            android:name="io.radar.sdk.RadarJobScheduler"
66-->[io.radar:sdk:3.0.5] AndroidManifest.xml:30:13-58
67            android:exported="true"
67-->[io.radar:sdk:3.0.5] AndroidManifest.xml:31:13-36
68            android:permission="android.permission.BIND_JOB_SERVICE" />
68-->[io.radar:sdk:3.0.5] AndroidManifest.xml:32:13-69
69
70        <activity
70-->[com.google.android.gms:play-services-base:17.0.0] AndroidManifest.xml:23:9-26:75
71            android:name="com.google.android.gms.common.api.GoogleApiActivity"
71-->[com.google.android.gms:play-services-base:17.0.0] AndroidManifest.xml:24:13-79
72            android:exported="false"
72-->[com.google.android.gms:play-services-base:17.0.0] AndroidManifest.xml:25:13-37
73            android:theme="@android:style/Theme.Translucent.NoTitleBar" />
73-->[com.google.android.gms:play-services-base:17.0.0] AndroidManifest.xml:26:13-72
74
75        <meta-data
75-->[com.google.android.gms:play-services-basement:17.0.0] AndroidManifest.xml:23:9-25:69
76            android:name="com.google.android.gms.version"
76-->[com.google.android.gms:play-services-basement:17.0.0] AndroidManifest.xml:24:13-58
77            android:value="@integer/google_play_services_version" />
77-->[com.google.android.gms:play-services-basement:17.0.0] AndroidManifest.xml:25:13-66
78    </application>
79
80</manifest>